+ ld obj/kern/kernel
+ mk obj/kern/kernel.img
Failed to initialize module: /usr/lib/x86_64-linux-gnu/qemu/block-iscsi.so
Note: only modules from the same build can be loaded.
Failed to initialize module: /usr/lib/x86_64-linux-gnu/qemu/block-curl.so
Note: only modules from the same build can be loaded.
Failed to initialize module: /usr/lib/x86_64-linux-gnu/qemu/block-rbd.so
Note: only modules from the same build can be loaded.
Failed to initialize module: /usr/lib/x86_64-linux-gnu/qemu/block-dmg.so
Note: only modules from the same build can be loaded.
Failed to initialize module: /usr/lib/x86_64-linux-gnu/qemu/block-iscsi.so
Note: only modules from the same build can be loaded.
Failed to initialize module: /usr/lib/x86_64-linux-gnu/qemu/block-curl.so
Note: only modules from the same build can be loaded.
Failed to initialize module: /usr/lib/x86_64-linux-gnu/qemu/block-rbd.so
Note: only modules from the same build can be loaded.
Failed to initialize module: /usr/lib/x86_64-linux-gnu/qemu/block-dmg.so
Note: only modules from the same build can be loaded.
6828 decimal is 15254 octal!

e820 MEMORY MAP
size: 20, address: 0x0000000000000000, length: 0x000000000009fc00, type: 1
size: 20, address: 0x000000000009fc00, length: 0x0000000000000400, type: 2
size: 20, address: 0x00000000000f0000, length: 0x0000000000010000, type: 2
size: 20, address: 0x0000000000100000, length: 0x000000000fee0000, type: 1
size: 20, address: 0x000000000ffe0000, length: 0x0000000000020000, type: 2
size: 20, address: 0x00000000feffc000, length: 0x0000000000004000, type: 2
size: 20, address: 0x00000000fffc0000, length: 0x0000000000040000, type: 2

Physical memory: 256M available, base = 636K, extended = 261120K, npages = 65536
Pages limited to 3276800 by upage address range (12800MB), Pages limited to 134201344 by remapped phys mem (524224MB)
Found boot cpu..
type: 0 apicid:0 version:20 signature:80040f6680 feature:78bfbfd flags:3 reserved:80040f6688
SMP: CPU 0 found 1 CPU(s)
enabled interrupts: 1 2 4
PCI: 00:00.0: 8086:1237: class: 8000000800000006.8000000800000000 (Bridge device) irq: 549755813888
PCI: 00:01.0: 8086:7000: class: 8000080800000006.8000080800000001 (Bridge device) irq: 549755813888
PCI: 00:01.1: 8086:7010: class: 8000090800000001.8000090800000001 (Storage controller) irq: 549755813888
PCI: 00:01.3: 8086:7113: class: 80000b0800000006.80000b0800000080 (Bridge device) irq: 549755813897
PCI: 00:02.0: 1234:1111: class: 8000100800000003.8000100800000000 (Display controller) irq: 549755813888
PCI: 00:03.0: 8086:100e: class: 8000180800000002.8000180800000000 (Network controller) irq: 549755813899
PCI function 00:03.0 (8086:100e) enabled
Processor supports VMX
Processor supports EPT
VCPUNUM allocated: 0
FS is running
FS can do I/O
Device 1 presence: 1
block cache is good
superblock is good
bitmap is good
Creating a new virtual HDD at /vmm/fs1.img
Create VHD finished
VMXON
6828 decimal is 15254 octal!
VMX extension hidden from guest.

e820 MEMORY MAP
size: 24, address: 0x0000000000000000, length: 0x00000000000a0000, type: 1
size: 24, address: 0x00000000000a0000, length: 0x0000000000060000, type: 2
size: 24, address: 0x0000000000100000, length: 0x0000000000f00000, type: 1

Physical memory: 16M available, base = 640K, extended = 15360K, npages = 4096
Pages limited to 3276800 by upage address range (12800MB), Pages limited to 134201344 by remapped phys mem (524224MB)
enabled interrupts: 1 2 4
icode startup
FS is running
icode: open /motd
FS can do I/O
sys ipc try send : [0]sys ipc try send : [0] 
qemu-system-x86_64: terminating on signal 15 from pid 25028
